<?xml version="1.0" encoding="utf-8"?><testsuites name="pytest tests"><testsuite name="pytest" errors="0" failures="2" skipped="0" tests="36" time="25.329" timestamp="2026-08-19T16:11:29.068338+00:00" hostname="agent-env-4d9fb681-ed40-442b-b1e5-ef9c14370765"><testcase classname="tests.test_committees" name="test_index_loads_with_seeded_paths" time="1.562" /><testcase classname="tests.test_committees" name="test_seeded_reloan_all_products_row_exists" time="0.001" /><testcase classname="tests.test_committees" name="test_total_seeded_tiers_is_111" time="0.002" /><testcase classname="tests.test_committees" name="test_product_and_path_options_present" time="0.001" /><testcase classname="tests.test_committees" name="test_kru_plafon_path_detail" time="0.246" /><testcase classname="tests.test_committees" name="test_kup_hierarki_path_detail" time="0.222" /><testcase classname="tests.test_committees" name="test_show_provides_role_options" time="0.243" /><testcase classname="tests.test_committees" name="test_show_unknown_path_returns_404" time="0.159" /><testcase classname="tests.test_committees" name="test_create_path_with_copy_tiers" time="0.814" /><testcase classname="tests.test_committees" name="test_condition_is_uppercased" time="0.434" /><testcase classname="tests.test_committees" name="test_duplicate_product_condition_rejected" time="0.416" /><testcase classname="tests.test_committees" name="test_duplicate_normal_condition_rejected" time="0.433"><failure message="AssertionError: duplicate Normal path was accepted (no validation error)&#10;assert None&#10; +  where None = &lt;built-in method get of dict object at 0x7cee2b8bd240&gt;('condition')&#10; +    where &lt;built-in method get of dict object at 0x7cee2b8bd240&gt; = {}.get&#10; +      where {} = errors_of(&lt;Response [200]&gt;)">E   AssertionError: duplicate Normal path was accepted (no validation error)
    assert None
     +  where None = &lt;built-in method get of dict object at 0x7cee2b8bd240&gt;('condition')
     +    where &lt;built-in method get of dict object at 0x7cee2b8bd240&gt; = {}.get
     +      where {} = errors_of(&lt;Response [200]&gt;)</failure></testcase><testcase classname="tests.test_committees" name="test_invalid_mechanism_rejected" time="0.439" /><testcase classname="tests.test_committees" name="test_invalid_product_rejected" time="0.395" /><testcase classname="tests.test_committees" name="test_update_path_mechanism_and_status" time="1.037" /><testcase classname="tests.test_committees" name="test_tier_create_update_reorder_delete" time="5.575" /><testcase classname="tests.test_committees" name="test_tier_validation_max_less_than_min" time="0.399" /><testcase classname="tests.test_committees" name="test_tier_validation_role_required" time="0.416" /><testcase classname="tests.test_committees" name="test_tier_validation_unknown_role" time="0.458" /><testcase classname="tests.test_committees" name="test_tier_from_other_path_cannot_be_deleted" time="1.476"><failure message="AssertionError: tier of another path was deleted via a mismatched path route (missing scopeBindings)&#10;assert False">E   AssertionError: tier of another path was deleted via a mismatched path route (missing scopeBindings)
    assert False</failure></testcase><testcase classname="tests.test_committees" name="test_delete_path_cascades_tiers" time="2.249" /><testcase classname="tests.test_committees" name="test_permission_matrix_has_committees_entity" time="0.217" /><testcase classname="tests.test_committees" name="test_audit_trail_records_committee_module" time="0.234" /><testcase classname="tests.test_committees" name="test_other_pages_load[/institutions]" time="0.200" /><testcase classname="tests.test_committees" name="test_other_pages_load[/products]" time="0.228" /><testcase classname="tests.test_committees" name="test_other_pages_load[/installments]" time="0.208" /><testcase classname="tests.test_committees" name="test_other_pages_load[/methods]" time="0.239" /><testcase classname="tests.test_committees" name="test_other_pages_load[/users]" time="0.212" /><testcase classname="tests.test_committees" name="test_other_pages_load[/users/create]" time="0.225" /><testcase classname="tests.test_committees" name="test_other_pages_load[/menus]" time="0.223" /><testcase classname="tests.test_committees" name="test_other_pages_load[/roles]" time="0.240" /><testcase classname="tests.test_committees" name="test_other_pages_load[/permissions]" time="0.257" /><testcase classname="tests.test_committees" name="test_other_pages_load[/appearance]" time="0.243" /><testcase classname="tests.test_committees" name="test_other_pages_load[/object-storage]" time="1.301" /><testcase classname="tests.test_committees" name="test_other_pages_load[/audit-trail]" time="0.261" /><testcase classname="tests.test_committees" name="test_other_pages_load[/profile]" time="3.726" /></testsuite></testsuites>