<?xml version="1.0" encoding="utf-8"?><testsuites name="pytest tests"><testsuite name="pytest" errors="0" failures="0" skipped="0" tests="24" time="45.103" timestamp="2026-08-20T07:12:34.288790+00:00" hostname="agent-env-4d9fb681-ed40-442b-b1e5-ef9c14370765"><testcase classname="tests.test_product_parameters.TestDetailPage" name="test_show_page_props" time="6.078" /><testcase classname="tests.test_product_parameters.TestDetailPage" name="test_show_invalid_id_404" time="0.455" /><testcase classname="tests.test_product_parameters.TestSaveParameter" name="test_save_and_persist" time="1.875" /><testcase classname="tests.test_product_parameters.TestSaveParameter" name="test_resave_updates_same_row" time="1.222" /><testcase classname="tests.test_product_parameters.TestValidation" name="test_max_amount_less_than_min" time="1.444" /><testcase classname="tests.test_product_parameters.TestValidation" name="test_max_tenor_less_than_min" time="1.792" /><testcase classname="tests.test_product_parameters.TestValidation" name="test_percent_above_100" time="1.143" /><testcase classname="tests.test_product_parameters.TestValidation" name="test_default_method_not_in_allowed" time="1.476" /><testcase classname="tests.test_product_parameters.TestValidation" name="test_default_installment_not_in_allowed" time="1.580" /><testcase classname="tests.test_product_parameters.TestValidation" name="test_nonexistent_method_id" time="1.115" /><testcase classname="tests.test_product_parameters.TestValidation" name="test_note_max_length" time="1.041" /><testcase classname="tests.test_product_parameters.TestRegression" name="test_pages_load[/products]" time="0.639" /><testcase classname="tests.test_product_parameters.TestRegression" name="test_pages_load[/offices]" time="0.522" /><testcase classname="tests.test_product_parameters.TestRegression" name="test_pages_load[/institutions]" time="0.397" /><testcase classname="tests.test_product_parameters.TestRegression" name="test_pages_load[/installments]" time="0.487" /><testcase classname="tests.test_product_parameters.TestRegression" name="test_pages_load[/methods]" time="0.379" /><testcase classname="tests.test_product_parameters.TestRegression" name="test_pages_load[/committees]" time="0.540" /><testcase classname="tests.test_product_parameters.TestRegression" name="test_pages_load[/committees/2]" time="0.748" /><testcase classname="tests.test_product_parameters.TestRegression" name="test_pages_load[/users]" time="0.585" /><testcase classname="tests.test_product_parameters.TestRegression" name="test_pages_load[/users/create]" time="0.352" /><testcase classname="tests.test_product_parameters.TestRegression" name="test_pages_load[/menus]" time="0.487" /><testcase classname="tests.test_product_parameters.TestRegression" name="test_pages_load[/audit-trail]" time="0.456" /><testcase classname="tests.test_product_parameters.TestRegression" name="test_audit_trail_has_product_module" time="0.655" /><testcase classname="tests.test_product_parameters.TestPermission" name="test_guest_role_cannot_save" time="17.858" /></testsuite></testsuites>