<?xml version="1.0" encoding="utf-8"?><testsuites name="pytest tests"><testsuite name="pytest" errors="0" failures="0" skipped="0" tests="32" time="30.329" timestamp="2026-08-19T18:53:49.377812+00:00" hostname="agent-env-4d9fb681-ed40-442b-b1e5-ef9c14370765"><testcase classname="tests.test_offices.TestOfficesCrud" name="test_create_uppercases_code_and_alias" time="4.556" /><testcase classname="tests.test_offices.TestRegression" name="test_pages_render[/institutions]" time="3.661" /><testcase classname="tests.test_offices.TestRegression" name="test_pages_render[/products]" time="0.535" /><testcase classname="tests.test_offices.TestRegression" name="test_pages_render[/installments]" time="0.653" /><testcase classname="tests.test_offices.TestOfficesCrud" name="test_duplicate_code_rejected" time="1.204" /><testcase classname="tests.test_offices.TestRegression" name="test_pages_render[/methods]" time="0.498" /><testcase classname="tests.test_offices.TestRegression" name="test_pages_render[/committees]" time="0.748" /><testcase classname="tests.test_offices.TestOfficesCrud" name="test_duplicate_alias_rejected" time="1.211" /><testcase classname="tests.test_offices.TestRegression" name="test_pages_render[/committees/2]" time="0.508" /><testcase classname="tests.test_offices.TestRegression" name="test_pages_render[/users]" time="0.483" /><testcase classname="tests.test_offices.TestOfficesCrud" name="test_duplicate_name_allowed" time="1.474" /><testcase classname="tests.test_offices.TestRegression" name="test_pages_render[/users/create]" time="0.448" /><testcase classname="tests.test_offices.TestRegression" name="test_pages_render[/menus]" time="0.526" /><testcase classname="tests.test_offices.TestRegression" name="test_pages_render[/roles]" time="0.665" /><testcase classname="tests.test_offices.TestOfficesCrud" name="test_update_persists" time="3.324" /><testcase classname="tests.test_offices.TestRegression" name="test_pages_render[/permissions]" time="0.588" /><testcase classname="tests.test_offices.TestRegression" name="test_pages_render[/audit-trail]" time="0.845" /><testcase classname="tests.test_offices.TestRegression" name="test_pages_render[/appearance]" time="0.939" /><testcase classname="tests.test_offices.TestRegression" name="test_pages_render[/profile]" time="1.318" /><testcase classname="tests.test_offices.TestOfficesCrud" name="test_delete_single" time="5.166" /><testcase classname="tests.test_offices.TestRegression" name="test_pages_render[/object-storage]" time="2.290" /><testcase classname="tests.test_offices.TestRegression" name="test_pages_render[/offices]" time="0.635" /><testcase classname="tests.test_offices.TestRegression" name="test_institutions_has_ten_rows" time="1.054" /><testcase classname="tests.test_offices.TestRegression" name="test_committees_has_19_paths" time="0.786" /><testcase classname="tests.test_offices.TestOfficesCrud" name="test_bulk_delete" time="6.639" /><testcase classname="tests.test_offices.TestRegression" name="test_committee_detail_title_capitalized" time="0.489" /><testcase classname="tests.test_offices.TestRegression" name="test_flash_message_condition_capitalized" time="3.011" /><testcase classname="tests.test_offices.TestRegression" name="test_committees_export_ok" time="1.185" /><testcase classname="tests.test_offices.TestOfficesIndex" name="test_index_has_seven_seeded_offices_sorted_by_code" time="0.799" /><testcase classname="tests.test_offices.TestOfficesCrud" name="test_validation_requires_all_fields" time="0.983" /><testcase classname="tests.test_offices.TestPermissions" name="test_offices_permission_in_role_matrix" time="0.452" /><testcase classname="tests.test_offices.TestPermissions" name="test_permissions_page_lists_offices" time="0.353" /></testsuite></testsuites>