<?xml version="1.0" encoding="utf-8"?><testsuites name="pytest tests"><testsuite name="pytest" errors="0" failures="5" skipped="0" tests="37" time="84.065" timestamp="2026-08-19T14:59:21.307397+00:00" hostname="agent-env-4d9fb681-ed40-442b-b1e5-ef9c14370765"><testcase classname="tests.test_reference_modules" name="test_index_page_loads[institutions]" time="3.353" /><testcase classname="tests.test_reference_modules" name="test_index_page_loads[products]" time="0.441" /><testcase classname="tests.test_reference_modules" name="test_index_page_loads[installments]" time="0.512" /><testcase classname="tests.test_reference_modules" name="test_index_page_loads[methods]" time="0.457" /><testcase classname="tests.test_reference_modules" name="test_permissions_matrix_contains_new_modules" time="0.499" /><testcase classname="tests.test_reference_modules" name="test_create_uppercases_and_persists[institutions]" time="0.672"><failure message="AssertionError: {'code': 'Kode sudah ada sebelumnya.', 'name': 'Nama sudah ada sebelumnya.'}&#10;assert not {'code': 'Kode sudah ada sebelumnya.', 'name': 'Nama sudah ada sebelumnya.'}&#10; +  where {'code': 'Kode sudah ada sebelumnya.', 'name': 'Nama sudah ada sebelumnya.'} = &lt;built-in method get of dict object at 0x7983aa4e8480&gt;('errors')&#10; +    where &lt;built-in method get of dict object at 0x7983aa4e8480&gt; = {'errors': {'code': 'Kode sudah ada sebelumnya.', 'name': 'Nama sudah ada sebelumnya.'}, 'auth': {'user': {'id': 1, 'name': 'IT Support', 'username': 'superadmin', 'email': 'sa@bprbangunarta.co.id', ...}}, 'notifications': {'unread': 2, 'items': [{'id': 2, 'title': 'Percobaan masuk gagal', 'body': 'Kredensial: testqa704@example.com', 'module': 'Keamanan', ...}, {'id': 1, 'title': 'Percobaan masuk gagal', 'body': 'Kredensial: testqa704@example.com', 'module': 'Keamanan', ...}], 'unread_items': [{'id': 2, 'title': 'Percobaan masuk gagal', 'body': 'Kredensial: testqa704@example.com', 'module': 'Keamanan', ...}, {'id': 1, 'title': 'Percobaan masuk gagal', 'body': 'Kredensial: testqa704@example.com', 'module': 'Keamanan', ...}]}, 'menu': [{'id': 'member', 'label': 'Member Area', 'items': [{'id': 1, 'parent_id': None, 'area': 'member', 'label': 'Dashboard', ...}, {'id': 9, 'parent_id': None, 'area': 'member', 'label': 'Referensi', ...}]}, {'id': 'admin', 'label': 'Administrator', 'items': [{'id': 2, 'parent_id': None, 'area': 'admin', 'label': 'Kelola Perizinan', ...}, {'id': 3, 'parent_id': None, 'area': 'admin', 'label': 'Kelola Peranan', ...}, {'id': 4, 'parent_id': None, 'area': 'admin', 'label': 'Kelola Pengguna', ...}, {'id': 5, 'parent_id': None, 'area': 'admin', 'label': 'Penampilan UI', ...}, {'id': 6, 'parent_id': None, 'area': 'admin', 'label': 'Menu Navigasi', ...}, {'id': 7, 'parent_id': None, 'area': 'admin', 'label': 'Object Storage', ...}, ...]}], ...}.get">tests/test_reference_modules.py:138: in test_create_uppercases_and_persists
    assert not props.get("errors"), props.get("errors")
E   AssertionError: {'code': 'Kode sudah ada sebelumnya.', 'name': 'Nama sudah ada sebelumnya.'}
E   assert not {'code': 'Kode sudah ada sebelumnya.', 'name': 'Nama sudah ada sebelumnya.'}
E    +  where {'code': 'Kode sudah ada sebelumnya.', 'name': 'Nama sudah ada sebelumnya.'} = &lt;built-in method get of dict object at 0x7983aa4e8480&gt;('errors')
E    +    where &lt;built-in method get of dict object at 0x7983aa4e8480&gt; = {'errors': {'code': 'Kode sudah ada sebelumnya.', 'name': 'Nama sudah ada sebelumnya.'}, 'auth': {'user': {'id': 1, 'name': 'IT Support', 'username': 'superadmin', 'email': 'sa@bprbangunarta.co.id', ...}}, 'notifications': {'unread': 2, 'items': [{'id': 2, 'title': 'Percobaan masuk gagal', 'body': 'Kredensial: testqa704@example.com', 'module': 'Keamanan', ...}, {'id': 1, 'title': 'Percobaan masuk gagal', 'body': 'Kredensial: testqa704@example.com', 'module': 'Keamanan', ...}], 'unread_items': [{'id': 2, 'title': 'Percobaan masuk gagal', 'body': 'Kredensial: testqa704@example.com', 'module': 'Keamanan', ...}, {'id': 1, 'title': 'Percobaan masuk gagal', 'body': 'Kredensial: testqa704@example.com', 'module': 'Keamanan', ...}]}, 'menu': [{'id': 'member', 'label': 'Member Area', 'items': [{'id': 1, 'parent_id': None, 'area': 'member', 'label': 'Dashboard', ...}, {'id': 9, 'parent_id': None, 'area': 'member', 'label': 'Referensi', ...}]}, {'id': 'admin', 'label': 'Administrator', 'items': [{'id': 2, 'parent_id': None, 'area': 'admin', 'label': 'Kelola Perizinan', ...}, {'id': 3, 'parent_id': None, 'area': 'admin', 'label': 'Kelola Peranan', ...}, {'id': 4, 'parent_id': None, 'area': 'admin', 'label': 'Kelola Pengguna', ...}, {'id': 5, 'parent_id': None, 'area': 'admin', 'label': 'Penampilan UI', ...}, {'id': 6, 'parent_id': None, 'area': 'admin', 'label': 'Menu Navigasi', ...}, {'id': 7, 'parent_id': None, 'area': 'admin', 'label': 'Object Storage', ...}, ...]}], ...}.get</failure></testcase><testcase classname="tests.test_reference_modules" name="test_create_uppercases_and_persists[products]" time="0.758"><failure message="AssertionError: {'code': 'Kode sudah ada sebelumnya.', 'alias': 'Alias sudah ada sebelumnya.', 'name': 'Nama sudah ada sebelumnya.'}&#10;assert not {'code': 'Kode sudah ada sebelumnya.', 'alias': 'Alias sudah ada sebelumnya.', 'name': 'Nama sudah ada sebelumnya.'}&#10; +  where {'code': 'Kode sudah ada sebelumnya.', 'alias': 'Alias sudah ada sebelumnya.', 'name': 'Nama sudah ada sebelumnya.'} = &lt;built-in method get of dict object at 0x7983aa3add00&gt;('errors')&#10; +    where &lt;built-in method get of dict object at 0x7983aa3add00&gt; = {'errors': {'code': 'Kode sudah ada sebelumnya.', 'alias': 'Alias sudah ada sebelumnya.', 'name': 'Nama sudah ada sebelumnya.'}, 'auth': {'user': {'id': 1, 'name': 'IT Support', 'username': 'superadmin', 'email': 'sa@bprbangunarta.co.id', ...}}, 'notifications': {'unread': 2, 'items': [{'id': 2, 'title': 'Percobaan masuk gagal', 'body': 'Kredensial: testqa704@example.com', 'module': 'Keamanan', ...}, {'id': 1, 'title': 'Percobaan masuk gagal', 'body': 'Kredensial: testqa704@example.com', 'module': 'Keamanan', ...}], 'unread_items': [{'id': 2, 'title': 'Percobaan masuk gagal', 'body': 'Kredensial: testqa704@example.com', 'module': 'Keamanan', ...}, {'id': 1, 'title': 'Percobaan masuk gagal', 'body': 'Kredensial: testqa704@example.com', 'module': 'Keamanan', ...}]}, 'menu': [{'id': 'member', 'label': 'Member Area', 'items': [{'id': 1, 'parent_id': None, 'area': 'member', 'label': 'Dashboard', ...}, {'id': 9, 'parent_id': None, 'area': 'member', 'label': 'Referensi', ...}]}, {'id': 'admin', 'label': 'Administrator', 'items': [{'id': 2, 'parent_id': None, 'area': 'admin', 'label': 'Kelola Perizinan', ...}, {'id': 3, 'parent_id': None, 'area': 'admin', 'label': 'Kelola Peranan', ...}, {'id': 4, 'parent_id': None, 'area': 'admin', 'label': 'Kelola Pengguna', ...}, {'id': 5, 'parent_id': None, 'area': 'admin', 'label': 'Penampilan UI', ...}, {'id': 6, 'parent_id': None, 'area': 'admin', 'label': 'Menu Navigasi', ...}, {'id': 7, 'parent_id': None, 'area': 'admin', 'label': 'Object Storage', ...}, ...]}], ...}.get">tests/test_reference_modules.py:138: in test_create_uppercases_and_persists
    assert not props.get("errors"), props.get("errors")
E   AssertionError: {'code': 'Kode sudah ada sebelumnya.', 'alias': 'Alias sudah ada sebelumnya.', 'name': 'Nama sudah ada sebelumnya.'}
E   assert not {'code': 'Kode sudah ada sebelumnya.', 'alias': 'Alias sudah ada sebelumnya.', 'name': 'Nama sudah ada sebelumnya.'}
E    +  where {'code': 'Kode sudah ada sebelumnya.', 'alias': 'Alias sudah ada sebelumnya.', 'name': 'Nama sudah ada sebelumnya.'} = &lt;built-in method get of dict object at 0x7983aa3add00&gt;('errors')
E    +    where &lt;built-in method get of dict object at 0x7983aa3add00&gt; = {'errors': {'code': 'Kode sudah ada sebelumnya.', 'alias': 'Alias sudah ada sebelumnya.', 'name': 'Nama sudah ada sebelumnya.'}, 'auth': {'user': {'id': 1, 'name': 'IT Support', 'username': 'superadmin', 'email': 'sa@bprbangunarta.co.id', ...}}, 'notifications': {'unread': 2, 'items': [{'id': 2, 'title': 'Percobaan masuk gagal', 'body': 'Kredensial: testqa704@example.com', 'module': 'Keamanan', ...}, {'id': 1, 'title': 'Percobaan masuk gagal', 'body': 'Kredensial: testqa704@example.com', 'module': 'Keamanan', ...}], 'unread_items': [{'id': 2, 'title': 'Percobaan masuk gagal', 'body': 'Kredensial: testqa704@example.com', 'module': 'Keamanan', ...}, {'id': 1, 'title': 'Percobaan masuk gagal', 'body': 'Kredensial: testqa704@example.com', 'module': 'Keamanan', ...}]}, 'menu': [{'id': 'member', 'label': 'Member Area', 'items': [{'id': 1, 'parent_id': None, 'area': 'member', 'label': 'Dashboard', ...}, {'id': 9, 'parent_id': None, 'area': 'member', 'label': 'Referensi', ...}]}, {'id': 'admin', 'label': 'Administrator', 'items': [{'id': 2, 'parent_id': None, 'area': 'admin', 'label': 'Kelola Perizinan', ...}, {'id': 3, 'parent_id': None, 'area': 'admin', 'label': 'Kelola Peranan', ...}, {'id': 4, 'parent_id': None, 'area': 'admin', 'label': 'Kelola Pengguna', ...}, {'id': 5, 'parent_id': None, 'area': 'admin', 'label': 'Penampilan UI', ...}, {'id': 6, 'parent_id': None, 'area': 'admin', 'label': 'Menu Navigasi', ...}, {'id': 7, 'parent_id': None, 'area': 'admin', 'label': 'Object Storage', ...}, ...]}], ...}.get</failure></testcase><testcase classname="tests.test_reference_modules" name="test_create_uppercases_and_persists[installments]" time="0.945"><failure message="AssertionError: {'code': 'Kode sudah ada sebelumnya.', 'name': 'Nama sudah ada sebelumnya.'}&#10;assert not {'code': 'Kode sudah ada sebelumnya.', 'name': 'Nama sudah ada sebelumnya.'}&#10; +  where {'code': 'Kode sudah ada sebelumnya.', 'name': 'Nama sudah ada sebelumnya.'} = &lt;built-in method get of dict object at 0x7983aa393580&gt;('errors')&#10; +    where &lt;built-in method get of dict object at 0x7983aa393580&gt; = {'errors': {'code': 'Kode sudah ada sebelumnya.', 'name': 'Nama sudah ada sebelumnya.'}, 'auth': {'user': {'id': 1, 'name': 'IT Support', 'username': 'superadmin', 'email': 'sa@bprbangunarta.co.id', ...}}, 'notifications': {'unread': 2, 'items': [{'id': 2, 'title': 'Percobaan masuk gagal', 'body': 'Kredensial: testqa704@example.com', 'module': 'Keamanan', ...}, {'id': 1, 'title': 'Percobaan masuk gagal', 'body': 'Kredensial: testqa704@example.com', 'module': 'Keamanan', ...}], 'unread_items': [{'id': 2, 'title': 'Percobaan masuk gagal', 'body': 'Kredensial: testqa704@example.com', 'module': 'Keamanan', ...}, {'id': 1, 'title': 'Percobaan masuk gagal', 'body': 'Kredensial: testqa704@example.com', 'module': 'Keamanan', ...}]}, 'menu': [{'id': 'member', 'label': 'Member Area', 'items': [{'id': 1, 'parent_id': None, 'area': 'member', 'label': 'Dashboard', ...}, {'id': 9, 'parent_id': None, 'area': 'member', 'label': 'Referensi', ...}]}, {'id': 'admin', 'label': 'Administrator', 'items': [{'id': 2, 'parent_id': None, 'area': 'admin', 'label': 'Kelola Perizinan', ...}, {'id': 3, 'parent_id': None, 'area': 'admin', 'label': 'Kelola Peranan', ...}, {'id': 4, 'parent_id': None, 'area': 'admin', 'label': 'Kelola Pengguna', ...}, {'id': 5, 'parent_id': None, 'area': 'admin', 'label': 'Penampilan UI', ...}, {'id': 6, 'parent_id': None, 'area': 'admin', 'label': 'Menu Navigasi', ...}, {'id': 7, 'parent_id': None, 'area': 'admin', 'label': 'Object Storage', ...}, ...]}], ...}.get">tests/test_reference_modules.py:138: in test_create_uppercases_and_persists
    assert not props.get("errors"), props.get("errors")
E   AssertionError: {'code': 'Kode sudah ada sebelumnya.', 'name': 'Nama sudah ada sebelumnya.'}
E   assert not {'code': 'Kode sudah ada sebelumnya.', 'name': 'Nama sudah ada sebelumnya.'}
E    +  where {'code': 'Kode sudah ada sebelumnya.', 'name': 'Nama sudah ada sebelumnya.'} = &lt;built-in method get of dict object at 0x7983aa393580&gt;('errors')
E    +    where &lt;built-in method get of dict object at 0x7983aa393580&gt; = {'errors': {'code': 'Kode sudah ada sebelumnya.', 'name': 'Nama sudah ada sebelumnya.'}, 'auth': {'user': {'id': 1, 'name': 'IT Support', 'username': 'superadmin', 'email': 'sa@bprbangunarta.co.id', ...}}, 'notifications': {'unread': 2, 'items': [{'id': 2, 'title': 'Percobaan masuk gagal', 'body': 'Kredensial: testqa704@example.com', 'module': 'Keamanan', ...}, {'id': 1, 'title': 'Percobaan masuk gagal', 'body': 'Kredensial: testqa704@example.com', 'module': 'Keamanan', ...}], 'unread_items': [{'id': 2, 'title': 'Percobaan masuk gagal', 'body': 'Kredensial: testqa704@example.com', 'module': 'Keamanan', ...}, {'id': 1, 'title': 'Percobaan masuk gagal', 'body': 'Kredensial: testqa704@example.com', 'module': 'Keamanan', ...}]}, 'menu': [{'id': 'member', 'label': 'Member Area', 'items': [{'id': 1, 'parent_id': None, 'area': 'member', 'label': 'Dashboard', ...}, {'id': 9, 'parent_id': None, 'area': 'member', 'label': 'Referensi', ...}]}, {'id': 'admin', 'label': 'Administrator', 'items': [{'id': 2, 'parent_id': None, 'area': 'admin', 'label': 'Kelola Perizinan', ...}, {'id': 3, 'parent_id': None, 'area': 'admin', 'label': 'Kelola Peranan', ...}, {'id': 4, 'parent_id': None, 'area': 'admin', 'label': 'Kelola Pengguna', ...}, {'id': 5, 'parent_id': None, 'area': 'admin', 'label': 'Penampilan UI', ...}, {'id': 6, 'parent_id': None, 'area': 'admin', 'label': 'Menu Navigasi', ...}, {'id': 7, 'parent_id': None, 'area': 'admin', 'label': 'Object Storage', ...}, ...]}], ...}.get</failure></testcase><testcase classname="tests.test_reference_modules" name="test_create_uppercases_and_persists[methods]" time="0.755"><failure message="AssertionError: {'code': 'Kode sudah ada sebelumnya.', 'name': 'Nama sudah ada sebelumnya.'}&#10;assert not {'code': 'Kode sudah ada sebelumnya.', 'name': 'Nama sudah ada sebelumnya.'}&#10; +  where {'code': 'Kode sudah ada sebelumnya.', 'name': 'Nama sudah ada sebelumnya.'} = &lt;built-in method get of dict object at 0x7983aa3c4580&gt;('errors')&#10; +    where &lt;built-in method get of dict object at 0x7983aa3c4580&gt; = {'errors': {'code': 'Kode sudah ada sebelumnya.', 'name': 'Nama sudah ada sebelumnya.'}, 'auth': {'user': {'id': 1, 'name': 'IT Support', 'username': 'superadmin', 'email': 'sa@bprbangunarta.co.id', ...}}, 'notifications': {'unread': 2, 'items': [{'id': 2, 'title': 'Percobaan masuk gagal', 'body': 'Kredensial: testqa704@example.com', 'module': 'Keamanan', ...}, {'id': 1, 'title': 'Percobaan masuk gagal', 'body': 'Kredensial: testqa704@example.com', 'module': 'Keamanan', ...}], 'unread_items': [{'id': 2, 'title': 'Percobaan masuk gagal', 'body': 'Kredensial: testqa704@example.com', 'module': 'Keamanan', ...}, {'id': 1, 'title': 'Percobaan masuk gagal', 'body': 'Kredensial: testqa704@example.com', 'module': 'Keamanan', ...}]}, 'menu': [{'id': 'member', 'label': 'Member Area', 'items': [{'id': 1, 'parent_id': None, 'area': 'member', 'label': 'Dashboard', ...}, {'id': 9, 'parent_id': None, 'area': 'member', 'label': 'Referensi', ...}]}, {'id': 'admin', 'label': 'Administrator', 'items': [{'id': 2, 'parent_id': None, 'area': 'admin', 'label': 'Kelola Perizinan', ...}, {'id': 3, 'parent_id': None, 'area': 'admin', 'label': 'Kelola Peranan', ...}, {'id': 4, 'parent_id': None, 'area': 'admin', 'label': 'Kelola Pengguna', ...}, {'id': 5, 'parent_id': None, 'area': 'admin', 'label': 'Penampilan UI', ...}, {'id': 6, 'parent_id': None, 'area': 'admin', 'label': 'Menu Navigasi', ...}, {'id': 7, 'parent_id': None, 'area': 'admin', 'label': 'Object Storage', ...}, ...]}], ...}.get">tests/test_reference_modules.py:138: in test_create_uppercases_and_persists
    assert not props.get("errors"), props.get("errors")
E   AssertionError: {'code': 'Kode sudah ada sebelumnya.', 'name': 'Nama sudah ada sebelumnya.'}
E   assert not {'code': 'Kode sudah ada sebelumnya.', 'name': 'Nama sudah ada sebelumnya.'}
E    +  where {'code': 'Kode sudah ada sebelumnya.', 'name': 'Nama sudah ada sebelumnya.'} = &lt;built-in method get of dict object at 0x7983aa3c4580&gt;('errors')
E    +    where &lt;built-in method get of dict object at 0x7983aa3c4580&gt; = {'errors': {'code': 'Kode sudah ada sebelumnya.', 'name': 'Nama sudah ada sebelumnya.'}, 'auth': {'user': {'id': 1, 'name': 'IT Support', 'username': 'superadmin', 'email': 'sa@bprbangunarta.co.id', ...}}, 'notifications': {'unread': 2, 'items': [{'id': 2, 'title': 'Percobaan masuk gagal', 'body': 'Kredensial: testqa704@example.com', 'module': 'Keamanan', ...}, {'id': 1, 'title': 'Percobaan masuk gagal', 'body': 'Kredensial: testqa704@example.com', 'module': 'Keamanan', ...}], 'unread_items': [{'id': 2, 'title': 'Percobaan masuk gagal', 'body': 'Kredensial: testqa704@example.com', 'module': 'Keamanan', ...}, {'id': 1, 'title': 'Percobaan masuk gagal', 'body': 'Kredensial: testqa704@example.com', 'module': 'Keamanan', ...}]}, 'menu': [{'id': 'member', 'label': 'Member Area', 'items': [{'id': 1, 'parent_id': None, 'area': 'member', 'label': 'Dashboard', ...}, {'id': 9, 'parent_id': None, 'area': 'member', 'label': 'Referensi', ...}]}, {'id': 'admin', 'label': 'Administrator', 'items': [{'id': 2, 'parent_id': None, 'area': 'admin', 'label': 'Kelola Perizinan', ...}, {'id': 3, 'parent_id': None, 'area': 'admin', 'label': 'Kelola Peranan', ...}, {'id': 4, 'parent_id': None, 'area': 'admin', 'label': 'Kelola Pengguna', ...}, {'id': 5, 'parent_id': None, 'area': 'admin', 'label': 'Penampilan UI', ...}, {'id': 6, 'parent_id': None, 'area': 'admin', 'label': 'Menu Navigasi', ...}, {'id': 7, 'parent_id': None, 'area': 'admin', 'label': 'Object Storage', ...}, ...]}], ...}.get</failure></testcase><testcase classname="tests.test_reference_modules" name="test_validation_required_fields[institutions]" time="1.075" /><testcase classname="tests.test_reference_modules" name="test_validation_required_fields[products]" time="0.826" /><testcase classname="tests.test_reference_modules" name="test_validation_required_fields[installments]" time="1.131" /><testcase classname="tests.test_reference_modules" name="test_validation_required_fields[methods]" time="0.702" /><testcase classname="tests.test_reference_modules" name="test_duplicate_code_rejected[institutions]" time="2.110" /><testcase classname="tests.test_reference_modules" name="test_duplicate_code_rejected[products]" time="2.061" /><testcase classname="tests.test_reference_modules" name="test_duplicate_code_rejected[installments]" time="1.986" /><testcase classname="tests.test_reference_modules" name="test_duplicate_code_rejected[methods]" time="2.315" /><testcase classname="tests.test_reference_modules" name="test_duplicate_alias_rejected" time="2.905" /><testcase classname="tests.test_reference_modules" name="test_duplicate_name_should_be_allowed" time="2.253"><failure message="AssertionError: name wrongly enforced unique: {'name': 'Nama sudah ada sebelumnya.'}&#10;assert 'name' not in {'name': 'Nama sudah ada sebelumnya.'}">tests/test_reference_modules.py:182: in test_duplicate_name_should_be_allowed
    assert "name" not in errors, f"name wrongly enforced unique: {errors}"
E   AssertionError: name wrongly enforced unique: {'name': 'Nama sudah ada sebelumnya.'}
E   assert 'name' not in {'name': 'Nama sudah ada sebelumnya.'}</failure></testcase><testcase classname="tests.test_reference_modules" name="test_update_and_delete[institutions]" time="4.686" /><testcase classname="tests.test_reference_modules" name="test_update_and_delete[products]" time="5.059" /><testcase classname="tests.test_reference_modules" name="test_update_and_delete[installments]" time="4.120" /><testcase classname="tests.test_reference_modules" name="test_update_and_delete[methods]" time="5.645" /><testcase classname="tests.test_reference_modules" name="test_bulk_delete" time="8.159" /><testcase classname="tests.test_reference_modules" name="test_bulk_requires_ids" time="1.090" /><testcase classname="tests.test_reference_modules" name="test_search_sort_pagination" time="13.559" /><testcase classname="tests.test_reference_modules" name="test_audit_trail_records_reference_activity" time="1.334" /><testcase classname="tests.test_reference_modules" name="test_existing_pages_load[/]" time="0.549" /><testcase classname="tests.test_reference_modules" name="test_existing_pages_load[/users]" time="0.683" /><testcase classname="tests.test_reference_modules" name="test_existing_pages_load[/users/create]" time="0.523" /><testcase classname="tests.test_reference_modules" name="test_existing_pages_load[/menus]" time="0.720" /><testcase classname="tests.test_reference_modules" name="test_existing_pages_load[/permissions]" time="0.761" /><testcase classname="tests.test_reference_modules" name="test_existing_pages_load[/roles]" time="0.844" /><testcase classname="tests.test_reference_modules" name="test_existing_pages_load[/appearance]" time="0.514" /><testcase classname="tests.test_reference_modules" name="test_existing_pages_load[/object-storage]" time="1.983" /><testcase classname="tests.test_reference_modules" name="test_existing_pages_load[/audit-trail]" time="0.773" /><testcase classname="tests.test_reference_modules" name="test_existing_pages_load[/profile]" time="5.798" /></testsuite></testsuites>